<?xml version="1.0" encoding="UTF-8"?>
<testng-results ignored="0" total="2" passed="1" failed="1" skipped="0">
  <reporter-output>
  </reporter-output>
  <suite started-at="2025-04-15T23:16:56 BDT" name="Default suite" finished-at="2025-04-15T23:16:58 BDT" duration-ms="2059">
    <groups>
    </groups>
    <test started-at="2025-04-15T23:16:56 BDT" name="Default test" finished-at="2025-04-15T23:16:58 BDT" duration-ms="2059">
      <class name="LocatorsExamples.LocateByClassNameAttribute">
        <test-method is-config="true" signature="startBrowser()[pri:0, instance:LocatorsExamples.LocateByClassNameAttribute@1a482e36]" started-at="2025-04-15T23:16:45 BDT" name="startBrowser" finished-at="2025-04-15T23:16:56 BDT" duration-ms="11088" status="PASS">
          <reporter-output>
          </reporter-output>
        </test-method> <!-- startBrowser -->
        <test-method signature="OpenUrl()[pri:0, instance:LocatorsExamples.LocateByClassNameAttribute@1a482e36]" started-at="2025-04-15T23:16:56 BDT" name="OpenUrl" finished-at="2025-04-15T23:16:58 BDT" duration-ms="1958" status="PASS">
          <reporter-output>
          </reporter-output>
        </test-method> <!-- OpenUrl -->
        <test-method signature="locateByClassName()[pri:1, instance:LocatorsExamples.LocateByClassNameAttribute@1a482e36]" started-at="2025-04-15T23:16:58 BDT" name="locateByClassName" finished-at="2025-04-15T23:16:58 BDT" duration-ms="29" status="FAIL">
          <exception class="java.lang.NullPointerException">
            <message>
              <![CDATA[Cannot invoke "com.microsoft.playwright.ElementHandle.click()" because "element" is null]]>
            </message>
            <full-stacktrace>
              <![CDATA[java.lang.NullPointerException: Cannot invoke "com.microsoft.playwright.ElementHandle.click()" because "element" is null
at LocatorsExamples.LocateByClassNameAttribute.locateByClassName(LocateByClassNameAttribute.java:43)
at java.base/jdk.internal.reflect.DirectMethodHandleAccessor.invoke(DirectMethodHandleAccessor.java:103)
at java.base/java.lang.reflect.Method.invoke(Method.java:580)
at org.testng.internal.invokers.MethodInvocationHelper.invokeMethod(MethodInvocationHelper.java:141)
at org.testng.internal.invokers.TestInvoker.invokeMethod(TestInvoker.java:686)
at org.testng.internal.invokers.TestInvoker.invokeTestMethod(TestInvoker.java:230)
at org.testng.internal.invokers.MethodRunner.runInSequence(MethodRunner.java:63)
at org.testng.internal.invokers.TestInvoker$MethodInvocationAgent.invoke(TestInvoker.java:992)
at org.testng.internal.invokers.TestInvoker.invokeTestMethods(TestInvoker.java:203)
at org.testng.internal.invokers.TestMethodWorker.invokeTestMethods(TestMethodWorker.java:154)
at org.testng.internal.invokers.TestMethodWorker.run(TestMethodWorker.java:134)
at java.base/java.util.ArrayList.forEach(ArrayList.java:1596)
at org.testng.TestRunner.privateRun(TestRunner.java:739)
at org.testng.TestRunner.run(TestRunner.java:614)
at org.testng.SuiteRunner.runTest(SuiteRunner.java:421)
at org.testng.SuiteRunner.runSequentially(SuiteRunner.java:413)
at org.testng.SuiteRunner.privateRun(SuiteRunner.java:373)
at org.testng.SuiteRunner.run(SuiteRunner.java:312)
at org.testng.SuiteRunnerWorker.runSuite(SuiteRunnerWorker.java:52)
at org.testng.SuiteRunnerWorker.run(SuiteRunnerWorker.java:95)
at org.testng.TestNG.runSuitesSequentially(TestNG.java:1274)
at org.testng.TestNG.runSuitesLocally(TestNG.java:1208)
at org.testng.TestNG.runSuites(TestNG.java:1112)
at org.testng.TestNG.run(TestNG.java:1079)
at org.testng.remote.AbstractRemoteTestNG.run(AbstractRemoteTestNG.java:115)
at org.testng.remote.RemoteTestNG.initAndRun(RemoteTestNG.java:293)
at org.testng.remote.RemoteTestNG.main(RemoteTestNG.java:91)
]]>
            </full-stacktrace>
          </exception> <!-- java.lang.NullPointerException -->
          <reporter-output>
          </reporter-output>
        </test-method> <!-- locateByClassName -->
        <test-method is-config="true" signature="closeBrowser()[pri:0, instance:LocatorsExamples.LocateByClassNameAttribute@1a482e36]" started-at="2025-04-15T23:16:58 BDT" name="closeBrowser" finished-at="2025-04-15T23:16:58 BDT" duration-ms="110" status="PASS">
          <reporter-output>
          </reporter-output>
        </test-method> <!-- closeBrowser -->
      </class> <!-- LocatorsExamples.LocateByClassNameAttribute -->
    </test> <!-- Default test -->
  </suite> <!-- Default suite -->
</testng-results>
