<?xml version="1.0" encoding="UTF-8"?>
<testng-results ignored="0" total="1" passed="1" failed="0" skipped="0">
  <reporter-output>
  </reporter-output>
  <suite started-at="2025-02-13T18:44:14 BDT" name="Default suite" finished-at="2025-02-13T18:44:22 BDT" duration-ms="7114">
    <groups>
    </groups>
    <test started-at="2025-02-13T18:44:14 BDT" name="Default test" finished-at="2025-02-13T18:44:22 BDT" duration-ms="7114">
      <class name="Browser_Handling.FireFoxBrowserRunUsingPlaywright">
        <test-method is-config="true" signature="startBrowser()[pri:0, instance:Browser_Handling.FireFoxBrowserRunUsingPlaywright@37afeb11]" started-at="2025-02-13T18:43:58 BDT" name="startBrowser" finished-at="2025-02-13T18:44:14 BDT" duration-ms="16145" status="PASS">
          <reporter-output>
          </reporter-output>
        </test-method> <!-- startBrowser -->
        <test-method signature="OpenUrl()[pri:0, instance:Browser_Handling.FireFoxBrowserRunUsingPlaywright@37afeb11]" started-at="2025-02-13T18:44:14 BDT" name="OpenUrl" finished-at="2025-02-13T18:44:21 BDT" duration-ms="7027" status="PASS">
          <reporter-output>
          </reporter-output>
        </test-method> <!-- OpenUrl -->
        <test-method is-config="true" signature="closeBrowser()[pri:0, instance:Browser_Handling.FireFoxBrowserRunUsingPlaywright@37afeb11]" started-at="2025-02-13T18:44:22 BDT" name="closeBrowser" finished-at="2025-02-13T18:44:22 BDT" duration-ms="315" status="PASS">
          <reporter-output>
          </reporter-output>
        </test-method> <!-- closeBrowser -->
      </class> <!-- Browser_Handling.FireFoxBrowserRunUsingPlaywright -->
    </test> <!-- Default test -->
  </suite> <!-- Default suite -->
</testng-results>
